<?xml version="1.0" encoding="UTF-8"?>
<coverage generated="1603081537736" clover="3.2.0">
  <project timestamp="1603081537736" name="All files">
    <metrics statements="4" coveredstatements="4" conditionals="0" coveredconditionals="0" methods="3" coveredmethods="3" elements="7" coveredelements="7" complexity="0" loc="4" ncloc="4" packages="1" files="2" classes="2"/>
    <file name="App.jsx" path="C:\Users\user\Desktop\Doing\010 TDD\restaurant_reservation\src\App.jsx">
      <metrics statements="2" coveredstatements="2" conditionals="0" coveredconditionals="0" methods="1" coveredmethods="1"/>
      <line num="6" count="1" type="stmt"/>
      <line num="15" count="1" type="stmt"/>
    </file>
    <file name="Restaurants.jsx" path="C:\Users\user\Desktop\Doing\010 TDD\restaurant_reservation\src\Restaurants.jsx">
      <metrics statements="2" coveredstatements="2" conditionals="0" coveredconditionals="0" methods="2" coveredmethods="2"/>
      <line num="4" count="2" type="stmt"/>
      <line num="9" count="2" type="stmt"/>
    </file>
  </project>
</coverage>
