{"C:\\Users\\user\\Desktop\\Doing\\010 TDD\\restaurant_reservation\\src\\App.jsx": {"path":"C:\\Users\\user\\Desktop\\Doing\\010 TDD\\restaurant_reservation\\src\\App.jsx","statementMap":{"0":{"start":{"line":6,"column":22},"end":{"line":13,"column":3}},"1":{"start":{"line":15,"column":2},"end":{"line":20,"column":4}}},"fnMap":{"0":{"name":"App","decl":{"start":{"line":5,"column":24},"end":{"line":5,"column":27}},"loc":{"start":{"line":5,"column":30},"end":{"line":21,"column":1}},"line":5}},"branchMap":{},"s":{"0":1,"1":1},"f":{"0":1},"b":{},"_coverageSchema":"1a1c01bbd47fc00a2c39e90264f33305004495a9","hash":"c6832136e270199930d4421cc11b50bb4d429048"}
,"C:\\Users\\user\\Desktop\\Doing\\010 TDD\\restaurant_reservation\\src\\Restaurants.jsx": {"path":"C:\\Users\\user\\Desktop\\Doing\\010 TDD\\restaurant_reservation\\src\\Restaurants.jsx","statementMap":{"0":{"start":{"line":4,"column":2},"end":{"line":12,"column":4}},"1":{"start":{"line":9,"column":8},"end":{"line":9,"column":65}}},"fnMap":{"0":{"name":"Restaurants","decl":{"start":{"line":3,"column":24},"end":{"line":3,"column":35}},"loc":{"start":{"line":3,"column":53},"end":{"line":13,"column":1}},"line":3},"1":{"name":"(anonymous_1)","decl":{"start":{"line":6,"column":23},"end":{"line":6,"column":24}},"loc":{"start":{"line":9,"column":8},"end":{"line":9,"column":65}},"line":9}},"branchMap":{},"s":{"0":2,"1":2},"f":{"0":2,"1":2},"b":{},"_coverageSchema":"1a1c01bbd47fc00a2c39e90264f33305004495a9","hash":"3ff1f7783972f141c2854b4c826864dee88b040c"}
}
